<?xml version="1.0" encoding="UTF-8"?>
<testng-results skipped="0" failed="0" total="1" passed="1">
  <reporter-output>
  </reporter-output>
  <suite name="Suite" duration-ms="17894" started-at="2016-08-20T12:59:51Z" finished-at="2016-08-20T13:00:09Z">
    <groups>
    </groups>
    <test name="Test" duration-ms="17894" started-at="2016-08-20T12:59:51Z" finished-at="2016-08-20T13:00:09Z">
      <class name="spkm.SPK">
        <test-method status="PASS" signature="main()[pri:0, instance:spkm.SPK@1e5ccce]" name="main" duration-ms="17880" started-at="2016-08-20T18:29:51Z" finished-at="2016-08-20T18:30:09Z">
          <reporter-output>
          </reporter-output>
        </test-method> <!-- main -->
      </class> <!-- spkm.SPK -->
    </test> <!-- Test -->
  </suite> <!-- Suite -->
</testng-results>
