<?xml version="1.0" encoding="UTF-8"?>
<testng-results skipped="0" failed="0" total="1" passed="1">
  <reporter-output>
  </reporter-output>
  <suite name="Default suite" duration-ms="31166" started-at="2016-08-21T07:11:09Z" finished-at="2016-08-21T07:11:40Z">
    <groups>
    </groups>
    <test name="Default test" duration-ms="31166" started-at="2016-08-21T07:11:09Z" finished-at="2016-08-21T07:11:40Z">
      <class name="spkm.SPK">
        <test-method status="PASS" signature="main()[pri:0, instance:spkm.SPK@1a57a3b]" name="main" duration-ms="31134" started-at="2016-08-21T12:41:09Z" finished-at="2016-08-21T12:41:40Z">
          <reporter-output>
          </reporter-output>
        </test-method> <!-- main -->
      </class> <!-- spkm.SPK -->
    </test> <!-- Default test -->
  </suite> <!-- Default suite -->
</testng-results>
